<?xml version="1.0" encoding="UTF-8"?>
<!-- Generated by org.testng.reporters.JUnitXMLReporter -->
<testsuite ignored="0" hostname="Jothianands-MacBook-Pro.local" failures="0" tests="1" name="Flight Booking Testing" time="0.131" errors="0" timestamp="19 Mar 2024 19:02:54 GMT">
  <testcase classname="testcases.signInPageTest.SignInPageTest" name="@BeforeMethod setUp" time="0.092">
    <failure type="java.lang.IllegalStateException" message="The driver executable is a directory: /Users/atom/Downloads/chrome-mac-x64">
      <![CDATA[java.lang.IllegalStateException: The driver executable is a directory: /Users/atom/Downloads/chrome-mac-x64
	at com.google.common.base.Preconditions.checkState(Preconditions.java:585)
	at org.openqa.selenium.remote.service.DriverService.checkExecutable(DriverService.java:139)
	at org.openqa.selenium.remote.service.DriverService.findExecutable(DriverService.java:132)
	at org.openqa.selenium.chrome.ChromeDriverService.access$000(ChromeDriverService.java:35)
	at org.openqa.selenium.chrome.ChromeDriverService$Builder.findDefaultExecutable(ChromeDriverService.java:156)
	at org.openqa.selenium.remote.service.DriverService$Builder.build(DriverService.java:346)
	at org.openqa.selenium.chrome.ChromeDriverService.createDefaultService(ChromeDriverService.java:91)
	at org.openqa.selenium.chrome.ChromeDriver.<init>(ChromeDriver.java:123)
	at com.flightBooking.base.TestBase.initialization(TestBase.java:39)
	at testcases.signInPageTest.SignInPageTest.setUp(SignInPageTest.java:22)
... Removed 27 stack frames]]>
    </failure>
  </testcase> <!-- @BeforeMethod setUp -->
  <testcase classname="testcases.signInPageTest.SignInPageTest" name="loginTest" time="0.0">
    <skipped/>
  </testcase> <!-- loginTest -->
</testsuite> <!-- Flight Booking Testing -->
